/*C88*/SET SCHEMA PUBLIC
DELETE FROM DATABASECHANGELOGLOCK WHERE ID=1
INSERT INTO DATABASECHANGELOGLOCK VALUES(1,TRUE,'2022-01-26 18:58:11.145000','p200300e76f15420174985e0016d79cb6.dip0.t-ipconnect.de (2003:e7:6f15:4201:7498:5e00:16d7:9cb6%eth0)')
COMMIT
DELETE FROM DATABASECHANGELOGLOCK WHERE ID=1
INSERT INTO DATABASECHANGELOGLOCK VALUES(1,FALSE,NULL,NULL)
COMMIT
DELETE FROM DATABASECHANGELOGLOCK WHERE ID=1
INSERT INTO DATABASECHANGELOGLOCK VALUES(1,TRUE,'2022-01-26 18:58:16.630000','p200300e76f15420174985e0016d79cb6.dip0.t-ipconnect.de (2003:e7:6f15:4201:7498:5e00:16d7:9cb6%eth0)')
COMMIT
CREATE TABLE PUBLIC.APPLICATION (ID BIGINT NOT NULL, GLOBAL_ID VARCHAR(50) NOT NULL, NAME VARCHAR(100) NOT NULL)
ALTER TABLE PUBLIC.APPLICATION ADD PRIMARY KEY (ID)
CREATE TABLE PUBLIC.ACCESS_RIGHT (DESCRIPTION VARCHAR(500) NOT NULL, APPLICATION BIGINT NOT NULL, ID BIGINT NOT NULL, GLOBAL_ID VARCHAR(50) NOT NULL)
ALTER TABLE PUBLIC.ACCESS_RIGHT ADD PRIMARY KEY (ID)
CREATE TABLE PUBLIC.USER_APPLICATION (APPLICATION BIGINT NOT NULL, "USER" BIGINT NOT NULL)
ALTER TABLE PUBLIC.USER_APPLICATION ADD PRIMARY KEY (APPLICATION, "USER")
DELETE FROM DATABASECHANGELOGLOCK WHERE ID=1
INSERT INTO DATABASECHANGELOGLOCK VALUES(1,FALSE,NULL,NULL)
COMMIT
DISCONNECT
/*C89*/SET SCHEMA PUBLIC
DISCONNECT
/*C90*/SET SCHEMA PUBLIC
DISCONNECT
/*C91*/SET SCHEMA PUBLIC
DISCONNECT
/*C92*/SET SCHEMA PUBLIC
DISCONNECT
/*C93*/SET SCHEMA PUBLIC
DISCONNECT
/*C94*/SET SCHEMA PUBLIC
DISCONNECT
/*C95*/SET SCHEMA PUBLIC
DISCONNECT
/*C96*/SET SCHEMA PUBLIC
DISCONNECT
/*C97*/SET SCHEMA PUBLIC
DISCONNECT
